<?xml version="1.0" encoding="UTF-8"?>
<!-- Generated by org.testng.reporters.JUnitReportReporter -->
<testsuite hostname="DESKTOP-MEGFML7" failures="1" tests="3" name="cucumberOptions.TestNGTestRunner" time="34.640" errors="0" timestamp="2025-03-31T16:19:53 IST" skipped="0">
  <testcase classname="cucumberOptions.TestNGTestRunner" name="runScenario" time="10.625"/>
  <testcase classname="cucumberOptions.TestNGTestRunner" name="runScenario" time="12.757"/>
  <testcase classname="cucumberOptions.TestNGTestRunner" name="runScenario" time="11.258">
    <failure message="expected [Beetroot] but found [No data]" type="java.lang.AssertionError">
      <![CDATA[java.lang.AssertionError: expected [Beetroot] but found [No data]
at org.testng.Assert.fail(Assert.java:111)
at org.testng.Assert.failNotEquals(Assert.java:1578)
at org.testng.Assert.assertEqualsImpl(Assert.java:150)
at org.testng.Assert.assertEquals(Assert.java:132)
at org.testng.Assert.assertEquals(Assert.java:656)
at org.testng.Assert.assertEquals(Assert.java:666)
at stepDefinitions.OffersPageStepDefinition.validate_product(OffersPageStepDefinition.java:46)
at âœ½.validate product name in offers page matches with landing page(file:///C:/Users/Abhishek/git/repository/CucumberSelenium_Framework/src/test/java/features/searchProduct.feature:14)
]]>
    </failure>
  </testcase> <!-- runScenario -->
</testsuite> <!-- cucumberOptions.TestNGTestRunner -->
